4375
0 0 10 0
0 19 11 19
0 20 7 20
0 22 7 22
0 24 9 24
0 25 8 25
0 27 8 27
0 29 8 29
0 30 8 30
0 31 8 31
0 41 11 41
0 44 7 44
0 46 11 46
0 47 9 47
0 52 8 52
0 55 7 55
0 57 11 57
0 59 7 59
0 60 8 60
0 62 7 62
0 68 8 68
0 75 11 75
0 77 9 77
0 80 10 80
0 91 7 91
0 94 7 94
0 97 9 97
0 99 10 99
0 101 11 101
0 102 9 102
0 107 9 107
0 109 10 109
0 113 11 113
0 117 11 117
0 122 7 122
0 123 9 123
0 125 7 125
0 127 7 127
0 129 11 129
0 130 7 130
0 131 8 131
0 132 7 132
0 140 11 140
0 143 7 143
0 145 9 145
0 146 9 146
0 153 8 153
0 154 11 154
0 159 11 159
0 160 11 160
0 161 7 161
0 166 11 166
0 167 10 167
0 170 10 170
0 177 11 177
0 178 11 178
0 183 8 183
0 184 8 184
0 189 7 189
0 191 11 191
0 192 7 192
0 197 11 197
0 205 7 205
0 206 9 206
0 207 8 207
0 212 7 212
0 214 7 214
0 215 11 215
0 218 7 218
0 220 8 220
0 231 7 231
0 243 10 243
0 244 7 244
0 247 8 247
0 4 10 4
0 23 11 23
0 34 8 34
0 43 9 43
0 48 10 48
0 53 8 53
0 64 8 64
0 65 11 65
0 66 10 66
0 74 9 74
0 76 9 76
0 82 11 82
0 96 10 96
0 98 10 98
0 100 11 100
0 111 8 111
0 120 11 120
0 133 11 133
0 138 11 138
0 148 8 148
0 158 11 158
0 169 8 169
0 181 8 181
0 185 10 185
0 187 11 187
0 199 8 199
0 202 10 202
0 208 11 208
0 213 11 213
0 221 8 221
0 222 8 222
0 223 8 223
0 225 11 225
0 228 8 228
0 229 10 229
0 232 8 232
0 6 10 6
2 13 13 13
2 14 13 14
0 21 11 21
2 39 9 39
0 56 9 56
0 58 9 58
0 61 9 61
0 63 11 63
0 71 11 71
0 73 9 73
0 89 10 89
0 108 11 108
0 115 11 115
0 136 10 136
0 142 9 142
0 144 11 144
0 151 11 151
0 165 9 165
0 173 11 173
0 198 9 198
0 201 10 201
0 227 11 227
0 234 11 234
0 235 9 235
2 240 13 240
0 245 11 245
0 246 11 246
0 249 9 249
0 5 10 5
0 7 10 7
1 8 12 8
1 15 12 15
2 87 10 87
2 88 11 88
0 126 10 126
0 134 10 134
0 135 10 135
1 150 12 150
0 152 10 152
0 157 11 157
1 168 12 168
0 176 11 176
1 179 12 179
1 190 12 190
1 193 12 193
1 194 12 194
0 195 10 195
1 196 12 196
1 204 12 204
1 219 12 219
2 2 13 2
2 11 12 11
2 28 13 28
2 40 13 40
4 49 15 49
2 72 13 72
2 78 13 78
4 84 15 84
2 85 13 85
2 103 13 103
2 128 13 128
2 164 13 164
2 171 13 171
0 172 11 172
4 175 11 175
2 200 13 200
2 242 11 242
3 3 14 3
4 16 15 16
1 42 12 42
3 45 14 45
2 81 13 81
4 83 15 83
2 104 12 104
2 105 12 105
1 116 12 116
2 121 13 121
3 155 14 155
4 163 14 163
3 186 14 186
1 224 12 224
4 237 15 237
3 239 14 239
4 18 15 18
3 32 14 32
3 35 14 35
4 50 15 50
2 51 13 51
4 118 14 118
2 149 13 149
3 203 14 203
4 217 14 217
4 236 15 236
5 33 16 33
5 79 16 79
3 86 14 86
3 112 14 112
5 162 16 162
8 20 16 20
8 22 19 22
6 36 16 36
8 44 19 44
8 55 15 55
8 59 19 59
8 62 15 62
8 91 18 91
8 92 15 92
6 114 17 114
8 122 18 122
8 125 19 125
8 127 16 127
8 130 16 130
8 132 18 132
6 139 17 139
5 141 16 141
8 143 16 143
8 161 18 161
4 180 15 180
8 189 15 189
8 192 15 192
8 205 19 205
8 212 19 212
8 214 19 214
8 218 17 218
8 231 19 231
6 233 17 233
8 244 19 244
4 248 15 248
7 1 18 1
7 12 18 12
9 25 17 25
9 27 16 27
9 29 20 29
9 30 17 30
9 31 20 31
9 34 18 34
9 52 20 52
9 53 18 53
5 54 16 54
9 60 16 60
9 64 20 64
9 68 20 68
6 106 17 106
9 111 20 111
9 131 17 131
7 137 18 137
9 148 16 148
9 153 18 153
9 169 16 169
7 174 18 174
9 181 16 181
5 182 16 182
9 199 17 199
9 207 16 207
7 211 18 211
9 228 20 228
9 232 17 232
9 247 20 247
10 10 18 10
10 24 17 24
10 39 17 39
10 43 17 43
10 47 21 47
10 56 20 56
10 58 17 58
10 61 17 61
8 69 19 69
10 73 20 73
10 74 17 74
10 76 21 76
10 77 18 77
10 97 21 97
10 102 21 102
10 107 17 107
10 123 18 123
10 142 21 142
10 145 19 145
10 146 17 146
10 165 21 165
10 198 21 198
10 206 17 206
8 209 19 209
8 210 19 210
10 235 20 235
10 249 17 249
11 0 19 0
7 26 18 26
11 48 18 48
11 66 22 66
11 80 22 80
11 87 20 87
11 89 18 89
7 90 18 90
11 96 18 96
11 98 18 98
11 99 18 99
11 109 19 109
7 110 18 110
11 126 22 126
11 136 22 136
11 152 20 152
11 167 20 167
11 170 22 170
11 185 19 185
9 188 20 188
11 195 22 195
11 221 19 221
11 229 21 229
11 243 22 243
10 17 21 17
12 19 19 19
12 57 23 57
10 70 21 70
12 88 23 88
12 101 19 101
10 119 21 119
12 154 23 154
12 157 23 157
12 158 20 158
12 160 23 160
12 172 19 172
8 230 19 230
9 238 20 238
12 242 23 242
12 245 19 245
13 11 21 11
13 15 21 15
11 38 22 38
13 42 20 42
11 93 22 93
12 94 20 94
13 104 20 104
13 105 20 105
13 116 24 116
11 124 22 124
12 138 20 138
12 151 20 151
12 177 22 177
12 187 20 187
12 191 20 191
12 197 23 197
11 216 22 216
13 219 24 219
11 223 20 223
14 2 25 2
13 6 24 6
12 9 23 9
12 23 21 23
12 41 21 41
14 51 23 51
14 81 25 81
12 100 21 100
12 113 23 113
12 115 21 115
14 121 25 121
12 140 23 140
14 149 21 149
14 171 21 171
13 179 24 179
13 190 24 190
13 193 21 193
15 32 22 32
15 35 26 35
12 46 23 46
12 71 22 71
15 112 22 112
15 118 22 118
14 128 22 128
15 135 24 135
15 163 26 163
13 173 24 173
13 184 24 184
13 194 24 194
15 203 25 203
13 204 24 204
12 213 22 213
12 215 22 215
15 217 22 217
13 222 24 222
15 239 26 239
13 246 24 246
14 40 25 40
16 55 27 55
16 62 23 62
14 63 25 63
14 65 25 65
16 84 25 84
16 92 23 92
14 108 25 108
14 144 25 144
14 150 25 150
15 155 23 155
14 164 25 164
16 180 25 180
16 189 23 189
16 192 27 192
16 248 24 248
15 3 26 3
15 8 26 8
16 18 24 18
17 20 28 20
17 27 24 27
17 36 24 36
14 37 25 37
17 54 28 54
17 60 28 60
15 67 26 67
17 79 28 79
13 82 24 82
17 127 25 127
17 141 24 141
17 143 28 143
17 148 24 148
15 159 26 159
15 166 26 166
17 169 28 169
15 178 26 178
17 181 26 181
17 182 24 182
15 200 26 200
17 207 27 207
15 234 26 234
15 240 26 240
14 4 25 4
14 5 25 5
18 24 29 24
18 25 28 25
18 30 25 30
18 39 26 39
18 43 27 43
18 58 25 58
18 61 26 61
18 74 29 74
18 106 29 106
18 107 26 107
18 131 29 131
16 133 27 133
18 146 28 146
14 183 25 183
16 196 27 196
18 199 29 199
16 201 27 201
18 206 27 206
18 218 25 218
17 225 28 225
18 232 29 232
16 236 27 236
14 241 25 241
18 249 29 249
19 10 28 10
19 26 27 26
19 34 28 34
19 48 26 48
19 53 30 53
19 77 30 77
15 78 26 78
19 85 27 85
19 86 30 86
19 89 26 89
15 95 26 95
19 96 26 96
19 98 28 98
19 99 30 99
19 110 30 110
19 122 26 122
19 123 26 123
19 132 30 132
19 153 30 153
19 161 30 161
17 202 28 202
17 208 28 208
18 13 29 13
17 16 28 16
20 19 29 19
20 22 31 22
17 33 27 33
20 101 27 101
20 109 27 109
18 114 27 114
20 145 27 145
18 147 29 147
17 162 27 162
17 168 28 168
20 172 31 172
18 175 29 175
20 185 31 185
20 205 27 205
20 221 27 221
20 230 28 230
20 245 27 245
21 31 28 31
21 42 28 42
21 56 28 56
20 59 29 59
21 73 32 73
17 75 28 75
21 87 30 87
21 94 28 94
21 104 32 104
21 105 32 105
21 111 29 111
21 138 28 138
19 156 30 156
21 158 32 158
21 167 32 167
21 191 30 191
20 210 29 210
20 212 31 212
17 220 28 220
19 227 30 227
21 235 32 235
21 238 32 238
22 11 29 11
22 17 33 17
22 23 29 23
22 41 29 41
21 52 32 52
21 64 30 64
22 76 29 76
22 97 29 97
22 100 30 100
22 115 33 115
22 119 30 119
20 139 31 139
22 142 29 142
22 149 33 149
22 171 33 171
21 188 32 188
22 193 31 193
19 211 29 211
22 229 31 229
18 237 29 237
20 244 29 244
20 7 31 7
23 32 30 32
23 66 32 66
22 102 30 102
23 112 32 112
23 118 30 118
19 120 30 120
23 128 31 128
21 137 32 137
22 165 31 165
21 176 32 176
23 177 34 177
21 209 32 209
23 213 34 213
24 46 35 46
24 62 35 62
23 80 31 80
24 88 32 88
20 117 31 117
24 155 33 155
24 157 32 157
24 189 34 189
23 195 34 195
24 197 31 197
22 233 33 233
25 6 32 6
21 12 32 12
25 18 34 18
25 27 32 27
25 36 36 36
25 71 34 71
23 125 34 125
25 135 32 135
25 148 34 148
25 152 32 152
24 154 32 154
23 170 33 170
22 174 33 174
25 182 33 182
25 219 34 219
23 243 32 243
25 248 34 248
24 0 35 0
26 30 34 30
26 37 33 37
24 44 33 44
24 45 35 45
22 47 33 47
22 49 33 49
26 58 34 58
25 69 36 69
25 70 36 70
26 84 37 84
26 91 34 91
26 92 37 92
26 127 37 127
25 130 35 130
23 136 33 136
25 173 33 173
26 180 37 180
26 183 37 183
25 184 35 184
26 203 33 203
26 218 37 218
25 224 33 224
22 226 33 226
25 9 36 9
26 15 36 15
25 21 36 21
23 38 34 38
27 39 38 39
26 40 37 40
27 48 38 48
27 61 38 61
25 68 34 68
23 72 34 72
27 78 35 78
27 89 35 89
27 95 38 95
27 96 38 96
25 103 36 103
27 107 35 107
26 121 37 121
26 144 34 144
26 150 37 150
27 163 36 163
25 179 34 179
27 181 34 181
25 186 36 186
23 228 34 228
25 246 34 246
28 26 39 26
26 28 37 28
28 33 36 33
28 43 36 43
28 85 35 85
28 101 35 101
28 109 38 109
28 114 38 114
26 116 37 116
28 145 35 145
28 162 39 162
28 207 38 207
28 221 36 221
27 234 35 234
28 245 39 245
29 10 40 10
29 16 38 16
29 25 36 25
29 31 38 31
29 34 36 34
29 42 37 42
28 50 39 50
28 55 37 55
29 56 40 56
26 63 36 63
29 75 36 75
26 93 36 93
29 94 37 94
29 98 38 98
27 134 38 134
29 138 38 138
29 141 40 141
29 146 40 146
27 159 38 159
29 168 37 168
27 178 36 178
27 190 38 190
28 201 39 201
29 220 36 220
29 230 37 230
25 231 36 231
30 5 37 5
30 11 37 11
30 19 37 19
29 20 37 20
30 23 41 23
30 41 37 41
29 54 38 54
30 59 37 59
29 60 37 60
30 76 41 76
29 82 40 82
30 97 41 97
30 106 38 106
26 108 37 108
30 111 38 111
30 142 40 142
28 187 39 187
26 194 37 194
27 198 38 198
28 216 39 216
30 237 37 237
28 240 39 240
30 244 41 244
30 249 37 249
27 2 38 2
31 32 38 32
31 64 39 64
29 65 40 65
27 67 38 67
31 87 39 87
31 100 42 100
31 102 39 102
31 118 42 118
27 124 38 124
30 131 39 131
28 133 39 133
31 191 38 191
31 214 38 214
31 215 41 215
30 232 40 232
29 239 40 239
30 242 38 242
29 1 40 1
32 7 40 7
30 14 41 14
29 57 40 57
31 77 39 77
29 79 40 79
32 80 39 80
30 83 41 83
32 117 40 117
32 128 39 128
30 129 41 129
29 143 40 143
28 160 39 160
32 165 41 165
30 166 41 166
32 193 40 193
32 197 42 197
28 222 39 222
32 229 43 229
30 247 41 247
33 6 40 6
29 8 40 8
33 12 40 12
33 27 40 27
33 66 44 66
33 88 41 88
33 112 44 112
31 123 40 123
33 135 44 135
31 140 42 140
29 151 40 151
33 152 42 152
33 154 44 154
33 157 40 157
33 158 43 158
31 196 42 196
33 209 41 209
33 243 44 243
32 22 43 22
31 24 42 24
34 37 41 37
34 44 42 44
34 47 41 47
34 49 41 49
33 52 41 52
31 122 42 122
32 126 43 126
34 136 45 136
34 149 45 149
34 182 44 182
30 200 41 200
32 206 41 206
30 208 41 208
32 236 43 236
33 13 44 13
34 17 45 17
35 18 43 18
35 30 44 30
33 35 44 35
35 38 42 38
35 58 42 58
35 68 42 68
35 144 42 144
35 148 42 148
31 164 42 164
35 169 42 169
35 171 43 171
35 172 46 172
35 176 42 176
35 179 45 179
35 181 42 181
32 205 42 205
35 213 45 213
35 219 46 219
33 223 44 223
35 228 46 228
33 235 43 235
33 241 44 241
35 246 42 246
35 248 46 248
36 78 47 78
36 85 46 85
36 89 46 89
36 101 43 101
36 107 47 107
33 110 44 110
35 120 43 120
35 125 44 125
36 130 47 130
36 145 46 145
34 161 45 161
35 173 46 173
36 184 46 184
34 217 45 217
36 226 43 226
34 233 43 233
36 234 43 234
33 3 44 3
37 9 46 9
37 15 46 15
37 25 48 25
35 29 46 29
37 33 44 33
37 34 44 34
37 43 46 43
37 63 45 63
37 75 44 75
37 93 48 93
37 103 48 103
34 104 45 104
35 139 46 139
35 147 46 147
37 163 44 163
37 186 44 186
35 210 46 210
37 220 45 220
37 221 48 221
37 231 48 231
38 11 45 11
38 28 48 28
38 41 45 41
38 42 45 42
35 51 46 51
36 53 47 53
38 55 49 55
38 59 45 59
38 60 45 60
37 69 45 69
37 70 47 70
38 94 48 94
36 105 47 105
38 108 46 108
38 116 45 116
34 137 45 137
38 168 48 168
35 170 46 170
38 194 49 194
36 224 47 224
38 230 45 230
38 237 49 237
36 238 47 238
38 249 49 249
39 2 50 2
39 16 50 16
39 31 50 31
39 32 50 32
39 54 50 54
36 62 47 62
39 67 48 67
38 92 49 92
39 98 46 98
39 106 46 106
39 109 47 109
39 111 49 111
39 114 50 114
35 115 46 115
35 119 46 119
39 124 48 124
39 138 46 138
38 155 49 155
39 191 46 191
39 198 46 198
39 207 50 207
36 211 47 211
39 214 47 214
37 227 48 227
39 242 47 242
39 39 47 39
38 46 49 46
40 64 49 64
40 77 51 77
40 80 49 80
38 81 49 81
37 86 48 86
40 87 48 87
40 102 51 102
40 128 50 128
40 131 49 131
40 133 48 133
38 156 49 156
40 160 50 160
36 167 47 167
40 187 47 187
38 192 49 192
40 201 51 201
40 222 50 222
41 1 48 1
41 6 48 6
41 12 49 12
41 27 49 27
37 36 48 36
41 57 48 57
39 71 48 71
39 74 50 74
41 79 49 79
39 90 50 90
39 91 50 91
41 117 49 117
41 123 52 123
41 141 52 141
41 151 51 151
41 157 49 157
39 180 50 180
41 193 50 193
39 199 50 199
41 232 50 232
40 240 51 240
40 245 51 245
42 14 50 14
42 20 51 20
42 37 53 37
40 40 51 40
42 47 53 47
42 49 53 49
42 52 53 52
40 61 51 61
41 65 49 65
41 82 49 82
42 88 53 88
39 99 50 99
42 129 53 129
40 162 49 162
42 165 49 165
38 195 49 195
42 200 53 200
42 206 50 206
42 215 49 215
40 218 51 218
43 24 54 24
43 38 51 38
43 44 52 44
41 45 52 45
43 58 54 58
43 68 52 68
39 73 50 73
41 84 52 84
40 113 51 113
43 144 54 144
43 148 54 148
43 152 54 152
43 164 52 164
43 169 54 169
43 176 50 176
43 181 50 181
41 188 52 188
43 189 54 189
43 190 54 190
43 196 54 196
43 197 54 197
42 203 53 203
43 205 51 205
39 225 50 225
44 18 55 18
40 21 51 21
42 72 53 72
41 95 52 95
44 101 54 101
44 120 55 120
42 146 53 146
42 150 53 150
44 158 51 158
44 171 51 171
42 177 53 177
41 178 52 178
40 204 51 204
42 212 53 212
44 226 55 226
45 3 54 3
44 22 55 22
43 26 54 26
45 30 52 30
45 75 53 75
45 110 56 110
45 112 54 112
45 125 52 125
43 140 52 140
43 159 54 159
45 163 52 163
45 182 56 182
45 223 52 223
44 229 52 229
43 239 54 239
45 241 52 241
44 0 55 0
45 7 54 7
45 35 56 35
46 41 55 41
46 42 54 42
44 48 55 48
43 50 54 50
46 59 57 59
46 60 53 60
46 63 54 63
45 66 56 66
46 69 54 69
46 104 53 104
46 116 54 116
43 134 54 134
46 137 53 137
45 142 53 142
46 149 53 149
44 166 55 166
46 179 57 179
46 213 53 213
44 216 55 216
46 220 57 220
46 230 57 230
47 9 54 9
45 13 56 13
47 15 58 15
46 17 57 17
47 43 54 43
47 51 54 51
45 76 56 76
47 85 54 85
47 89 57 89
43 97 54 97
47 98 54 98
47 106 54 106
47 108 58 108
47 115 54 115
45 118 56 118
47 119 55 119
43 127 54 127
47 138 58 138
47 145 58 145
46 161 55 161
47 170 54 170
47 172 54 172
47 184 57 184
47 191 58 191
47 198 55 198
46 208 54 208
46 233 54 233
46 235 54 235
47 247 54 247
48 4 59 4
47 29 56 29
48 39 59 39
48 62 59 62
48 70 59 70
48 78 57 78
46 96 57 96
44 100 55 100
48 109 56 109
46 136 55 136
47 139 58 139
48 167 59 167
46 183 57 183
48 187 59 187
48 211 55 211
48 214 59 214
48 224 57 224
46 236 57 236
48 242 56 242
47 246 58 246
47 248 56 248
49 1 60 1
48 5 56 5
49 6 60 6
49 28 57 28
49 36 56 36
49 57 60 57
49 67 57 67
49 71 56 71
49 86 56 86
49 87 56 87
49 93 56 93
49 94 60 94
47 122 56 122
49 124 60 124
49 133 57 133
46 154 57 154
49 168 60 168
49 185 56 185
49 221 57 221
49 231 60 231
50 12 58 12
47 19 58 19
50 27 60 27
50 55 57 55
50 79 61 79
50 80 59 80
50 81 58 81
48 107 59 107
50 111 57 111
50 117 61 117
50 131 58 131
46 153 57 153
50 155 57 155
50 157 61 157
50 162 61 162
50 165 58 165
49 186 57 186
50 192 61 192
50 195 57 195
50 215 61 215
47 217 58 217
47 8 58 8
51 14 59 14
49 25 60 25
49 33 60 33
50 46 58 46
49 53 60 53
47 56 58 56
51 91 61 91
51 99 62 99
51 128 62 128
49 143 60 143
51 160 60 160
49 174 60 174
51 176 61 176
51 193 61 193
48 202 59 202
51 206 62 206
51 222 62 222
51 225 59 225
51 232 59 232
52 20 59 20
52 21 63 21
52 38 63 38
52 40 59 40
50 103 61 103
50 105 61 105
52 113 60 113
48 147 59 147
52 151 62 151
52 158 62 158
52 171 62 171
52 201 62 201
52 204 60 204
52 205 63 205
49 227 59 227
49 244 60 244
50 249 61 249
51 11 62 11
53 30 62 30
51 32 61 32
53 44 61 44
53 68 64 68
53 84 62 84
53 95 60 95
53 125 64 125
51 130 62 130
53 140 62 140
53 163 61 163
53 164 62 164
53 178 62 178
51 194 62 194
53 223 60 223
53 229 64 229
53 241 64 241
51 31 61 31
52 34 63 34
54 60 65 60
54 64 64 64
54 72 64 72
54 75 61 75
54 88 65 88
54 104 61 104
52 135 63 135
54 137 61 137
54 149 61 149
54 150 65 150
54 200 65 200
54 212 62 212
54 213 61 213
52 219 63 219
51 234 62 234
53 2 64 2
55 3 62 3
55 7 66 7
55 9 62 9
53 10 64 10
53 16 64 16
52 23 63 23
54 37 65 37
55 58 66 58
55 63 63 63
54 65 65 65
55 69 65 69
55 73 64 73
54 82 63 82
55 85 62 85
55 101 62 101
53 102 64 102
55 106 65 106
55 112 65 112
53 114 64 114
55 127 62 127
55 134 64 134
54 146 62 146
55 172 66 172
53 188 62 188
55 189 62 189
54 203 62 203
55 208 62 208
55 233 62 233
55 235 66 235
53 237 64 237
55 247 66 247
56 22 63 22
55 24 64 24
56 41 67 41
54 54 65 54
55 74 64 74
56 100 67 100
56 119 65 119
56 120 67 120
54 129 65 129
56 136 67 136
56 161 63 161
54 177 64 177
55 181 64 181
55 197 65 197
56 198 67 198
52 210 63 210
56 211 67 211
53 238 64 238
55 239 66 239
57 5 68 5
57 29 68 29
57 36 64 36
56 48 67 48
55 52 66 52
57 71 64 71
57 86 64 86
57 87 68 87
55 90 66 90
57 93 64 93
57 109 64 109
53 126 64 126
55 173 66 173
57 182 68 182
57 185 68 185
55 196 66 196
55 209 66 209
57 242 64 242
57 248 64 248
58 28 66 28
55 47 66 47
58 55 67 55
54 61 65 61
57 66 67 66
58 67 69 67
58 78 66 78
58 89 66 89
58 96 69 96
58 111 69 111
57 118 65 118
58 155 69 155
56 175 67 175
58 184 68 184
58 186 67 186
58 195 66 195
58 221 66 221
58 224 67 224
56 0 66 0
59 8 67 8
59 12 68 12
58 17 66 17
59 19 67 19
59 46 70 46
57 49 68 49
59 56 70 56
59 81 70 81
59 98 70 98
59 131 70 131
59 145 66 145
57 159 68 159
59 165 70 165
57 180 68 180
59 191 69 191
59 217 70 217
59 246 67 246
60 14 71 14
59 15 68 15
60 20 67 20
60 40 69 40
60 80 71 80
60 107 67 107
59 108 70 108
57 110 67 110
60 147 68 147
60 202 70 202
58 216 69 216
60 225 67 225
58 226 69 226
60 227 67 227
58 230 69 230
60 232 70 232
57 243 68 243
57 18 68 18
57 26 68 26
61 27 72 27
61 76 68 76
61 94 68 94
61 95 68 95
61 113 71 113
57 123 68 123
59 139 68 139
61 143 69 143
58 144 69 144
59 152 70 152
59 156 70 156
61 160 72 160
58 183 69 183
58 190 69 190
61 204 68 204
60 214 71 214
61 223 72 223
61 244 72 244
62 31 69 31
62 32 72 32
62 44 73 44
60 45 71 45
61 57 70 57
60 62 69 62
62 75 72 75
62 79 72 79
62 91 70 91
62 104 73 104
62 105 71 105
62 117 73 117
62 137 69 137
62 149 69 149
62 163 70 163
60 167 71 167
59 169 69 169
61 174 72 174
62 176 69 176
59 179 70 179
62 193 69 193
58 199 69 199
62 213 69 213
60 240 71 240
62 249 73 249
63 3 72 3
63 9 70 9
61 13 72 13
63 30 74 30
59 42 70 42
59 83 70 83
61 97 72 97
63 99 74 99
63 101 70 101
61 121 72 121
63 127 72 127
62 133 73 133
63 140 74 140
60 142 71 142
63 146 74 146
63 151 72 151
62 157 73 157
63 158 72 158
63 164 73 164
63 171 74 171
63 178 73 178
63 201 74 201
63 203 71 203
61 207 72 207
63 208 71 208
63 212 71 212
63 233 73 233
63 234 70 234
59 245 70 245
62 4 73 4
60 35 71 35
64 63 75 63
62 70 73 70
64 82 73 82
62 141 73 141
64 161 71 161
63 194 74 194
64 205 72 205
64 210 75 210
62 218 73 218
64 219 75 219
63 1 74 1
65 24 73 24
65 36 73 36
64 38 75 38
63 39 74 39
63 50 74 50
65 64 72 64
65 71 73 71
65 72 72 72
65 73 72 73
65 74 72 74
65 86 72 86
65 93 72 93
65 102 74 102
63 103 74 103
65 109 76 109
65 126 76 126
63 130 72 130
62 153 73 153
63 162 74 162
65 177 76 177
65 181 76 181
62 220 73 220
61 231 72 231
65 238 73 238
65 242 76 242
65 248 76 248
63 11 73 11
66 54 73 54
62 59 73 59
65 68 74 68
66 69 73 69
64 92 75 92
66 106 76 106
66 112 73 112
62 124 73 124
64 132 75 132
64 148 75 148
66 197 74 197
64 215 75 215
65 229 74 229
67 0 78 0
67 7 76 7
65 16 74 16
67 17 76 17
65 25 76 25
67 28 78 28
67 47 74 47
67 78 75 78
67 84 78 84
67 89 74 89
65 128 76 128
67 145 74 145
67 172 78 172
63 187 74 187
67 195 78 195
65 241 76 241
66 2 77 2
68 8 79 8
68 19 79 19
68 20 79 20
68 41 78 41
68 55 79 55
68 66 75 66
67 90 78 90
68 107 79 107
68 110 78 110
65 114 75 114
66 122 77 122
66 138 77 138
65 168 76 168
68 186 79 186
66 192 77 192
68 227 75 227
64 228 75 228
67 235 75 235
69 5 76 5
69 12 80 12
69 15 80 15
69 18 76 18
69 26 78 26
66 37 77 37
67 85 78 85
69 87 80 87
69 123 76 123
69 139 80 139
69 147 76 147
66 166 77 166
69 184 80 184
69 204 76 204
66 206 77 206
69 243 76 243
70 31 79 31
70 40 80 40
68 48 78 48
70 62 81 62
70 96 77 96
68 100 79 100
67 115 78 115
70 118 78 118
70 137 81 137
70 143 77 143
70 144 80 144
70 149 81 149
70 169 81 169
70 176 77 176
69 180 79 180
70 183 78 183
70 190 78 190
70 191 81 191
70 193 81 193
70 213 81 213
70 230 81 230
67 6 78 6
71 9 78 9
69 10 80 10
69 34 80 34
71 42 82 42
71 53 78 53
71 56 81 56
71 57 81 57
70 61 81 61
70 67 81 67
71 83 82 83
71 91 79 91
71 98 82 98
71 101 79 101
67 116 78 116
71 152 80 152
71 163 82 163
71 165 80 165
71 179 78 179
71 202 82 202
68 209 79 209
71 232 79 232
71 234 78 234
67 236 78 236
71 245 81 245
72 35 83 35
69 49 79 49
68 58 79 58
72 105 83 105
72 113 83 113
71 131 82 131
68 136 79 136
72 142 83 142
72 161 83 161
70 175 81 175
72 203 82 203
72 208 81 208
72 212 79 212
72 214 83 214
70 216 81 216
69 237 80 237
73 3 84 3
69 21 80 21
73 32 84 32
72 45 83 45
69 51 80 51
71 52 82 52
71 60 82 60
73 64 81 64
73 77 84 77
73 79 81 79
71 81 80 81
73 86 81 86
73 93 82 93
73 95 84 95
73 127 84 127
73 130 81 130
73 151 84 151
71 156 82 156
73 158 80 158
70 170 81 170
71 173 82 173
73 205 84 205
73 223 84 223
72 225 83 225
73 231 81 231
74 11 82 11
74 24 81 24
74 36 84 36
74 54 83 54
74 59 81 59
74 69 82 69
74 71 85 71
74 82 82 82
73 97 84 97
74 104 81 104
74 112 85 112
74 124 81 124
70 125 81 125
74 153 85 153
74 157 85 157
72 159 83 159
74 164 85 164
74 178 85 178
72 188 83 188
74 218 82 218
74 220 82 220
71 222 81 222
74 233 85 233
74 238 85 238
72 247 81 247
74 249 85 249
75 1 84 1
74 4 85 4
73 14 84 14
75 16 83 16
75 30 85 30
73 43 84 43
74 44 82 44
75 68 82 68
75 89 82 89
75 102 86 102
74 133 82 133
73 134 84 134
74 141 82 141
75 145 82 145
73 167 84 167
75 171 82 171
75 187 83 187
75 197 83 197
73 200 84 200
71 217 82 217
75 229 82 229
73 246 84 246
74 22 83 22
74 23 85 23
73 65 84 65
76 66 84 66
75 73 84 73
75 74 86 74
75 75 84 75
76 78 84 78
74 80 85 80
73 94 84 94
75 99 86 99
76 114 87 114
76 148 87 148
74 150 85 150
75 162 84 162
74 185 85 185
74 207 85 207
76 227 83 227
76 228 83 228
76 235 87 235
73 244 83 244
77 5 84 5
77 7 87 7
77 17 88 17
77 18 88 18
77 25 88 25
75 29 86 29
76 63 87 63
75 88 86 88
75 103 85 103
77 106 84 106
77 109 85 109
77 123 84 123
75 135 86 135
77 147 85 147
73 154 84 154
77 168 86 168
77 177 85 177
77 181 84 181
75 198 86 198
77 204 88 204
76 210 87 210
76 219 84 219
74 27 85 27
78 37 86 37
76 92 85 92
78 96 86 96
74 108 85 108
76 132 86 132
78 138 85 138
76 140 87 140
78 143 86 143
78 166 85 166
78 176 85 176
78 192 89 192
76 201 87 201
78 206 85 206
79 0 86 0
79 6 90 6
79 9 86 9
79 26 86 26
77 33 88 33
79 41 90 41
79 48 90 48
79 53 88 53
79 90 90 90
79 110 90 110
79 115 86 115
79 116 86 116
79 118 86 118
77 126 88 126
77 128 87 128
79 179 90 179
79 183 90 183
76 189 87 189
79 190 90 190
77 215 88 215
76 226 87 226
79 234 88 234
79 236 87 236
78 2 89 2
80 31 87 31
80 49 90 49
80 58 91 58
80 91 88 91
80 101 91 101
80 107 87 107
80 136 87 136
80 180 87 180
80 209 91 209
80 212 89 212
80 232 91 232
78 239 89 239
79 13 90 13
80 19 91 19
81 21 92 21
79 28 88 28
81 51 88 51
81 81 92 81
79 84 90 84
78 121 89 121
79 122 90 122
81 144 92 144
81 152 91 152
81 158 89 158
81 165 92 165
79 172 88 172
81 184 92 184
81 237 89 237
79 248 90 248
82 24 93 24
80 50 91 50
82 56 89 56
82 57 91 57
82 59 91 59
82 64 93 64
82 79 93 79
82 104 90 104
78 129 89 129
82 130 89 130
80 146 91 146
82 149 89 149
82 170 89 170
82 175 93 175
82 191 93 191
82 193 90 193
80 199 91 199
82 208 89 208
82 216 92 216
82 222 89 222
80 224 91 224
82 230 89 230
82 231 93 231
82 241 93 241
82 245 89 245
82 247 92 247
80 8 90 8
81 20 92 20
83 42 92 42
83 44 94 44
83 60 92 60
83 82 90 82
83 83 91 83
83 89 90 89
83 93 90 93
83 98 92 98
81 111 92 111
81 117 92 117
81 119 92 119
83 131 91 131
83 133 94 133
83 141 90 141
83 145 90 145
83 171 94 171
81 174 92 174
80 186 90 186
83 202 91 202
83 203 91 203
82 213 93 213
83 220 94 220
83 229 90 229
84 16 95 16
84 22 92 22
82 34 93 34
84 35 91 35
83 52 93 52
84 54 91 54
82 62 93 62
81 72 92 72
82 87 93 87
84 113 93 113
83 156 92 156
82 169 93 169
84 187 94 187
84 197 95 197
80 221 91 221
84 225 91 225
84 227 92 227
84 228 91 228
82 242 91 242
84 244 92 244
85 1 92 1
85 5 96 5
85 36 92 36
85 40 96 40
85 65 94 65
85 66 93 66
83 67 94 67
83 70 94 70
85 73 93 73
85 75 92 75
85 78 92 78
85 94 96 94
85 95 92 95
84 105 92 105
85 106 95 106
85 123 95 123
82 137 93 137
84 142 95 142
85 154 95 154
81 155 92 155
85 162 92 162
83 163 92 163
85 181 92 181
81 182 92 182
84 214 94 214
85 219 94 219
83 240 94 240
86 4 97 4
86 27 94 27
86 30 97 30
84 47 95 47
86 86 97 86
86 92 96 92
86 103 97 103
86 108 96 108
86 109 97 109
85 134 96 134
86 147 95 147
86 157 97 157
84 159 93 159
86 166 96 166
86 176 97 176
86 177 94 177
85 200 96 200
86 206 93 206
85 223 96 223
87 0 98 0
87 9 94 9
87 26 95 26
87 29 98 29
86 71 97 71
83 76 94 76
85 77 94 77
86 80 95 80
87 88 98 88
87 96 98 96
86 112 94 112
87 115 96 115
87 116 98 116
87 118 94 118
87 132 98 132
87 143 98 143
86 164 94 164
87 168 94 168
85 194 96 194
85 205 94 205
86 233 97 233
88 7 97 7
88 31 97 31
84 45 95 45
86 97 97 97
88 107 97 107
88 128 99 128
85 161 96 161
86 173 97 173
86 178 96 178
88 180 99 180
86 185 97 185
88 189 95 189
86 195 97 195
88 210 99 210
88 226 99 226
88 236 96 236
87 10 98 10
89 18 100 18
89 28 100 28
87 46 98 46
89 51 100 51
89 53 96 53
87 61 98 61
88 63 99 63
86 85 96 85
89 91 97 91
87 124 98 124
89 172 100 172
89 234 96 234
90 2 99 2
89 25 100 25
88 55 99 55
90 56 97 56
86 151 97 151
88 153 99 153
90 158 99 158
90 170 97 170
88 188 99 188
88 201 99 201
90 208 97 208
90 212 97 212
90 222 101 222
90 230 97 230
90 237 101 237
88 238 99 238
90 245 97 245
91 8 100 8
89 32 100 32
89 33 98 33
91 49 98 49
89 69 100 69
91 82 99 82
91 84 102 84
91 89 102 89
91 93 99 93
91 104 98 104
89 127 100 127
90 138 101 138
90 139 101 139
91 141 98 141
91 145 102 145
89 148 100 148
91 186 102 186
91 190 98 190
91 193 98 193
91 229 102 229
89 249 100 249
88 12 99 12
91 13 101 13
92 14 99 14
90 17 101 17
89 23 100 23
92 35 99 35
91 41 99 41
92 54 101 54
92 57 101 57
92 83 102 83
89 102 100 102
91 122 100 122
92 131 103 131
92 152 103 152
88 211 99 211
92 217 100 217
92 218 103 218
92 221 103 221
92 225 100 225
92 228 99 228
88 235 99 235
92 242 103 242
91 248 100 248
93 1 101 1
91 11 102 11
93 36 100 36
91 37 102 37
93 42 104 42
91 48 102 48
93 60 104 60
93 72 100 72
91 74 102 74
93 75 104 75
93 78 100 78
93 95 101 95
93 105 100 105
92 135 100 135
93 181 100 181
91 198 102 198
93 216 100 216
93 227 100 227
93 244 103 244
93 247 100 247
92 3 103 3
90 39 101 39
94 52 101 52
94 62 101 62
94 66 103 66
94 73 102 73
93 117 104 117
94 130 105 130
94 137 103 137
94 149 101 149
94 159 105 159
92 167 103 167
94 169 105 169
94 191 101 191
91 204 102 204
94 206 105 206
90 207 101 207
92 232 103 232
95 9 102 9
95 27 102 27
93 50 104 50
94 64 105 64
95 65 106 65
95 76 106 76
95 77 105 77
93 90 104 90
95 112 106 112
95 118 106 118
91 125 102 125
93 140 104 140
95 164 106 164
95 168 103 168
95 171 104 171
93 174 102 174
95 177 103 177
95 187 106 187
91 196 102 196
95 205 103 205
95 214 103 214
91 215 102 215
95 219 106 219
96 26 104 26
96 45 107 45
94 79 103 79
96 80 104 80
93 100 103 100
93 101 104 101
96 106 107 106
93 111 103 111
96 123 107 123
96 147 105 147
96 154 104 154
94 175 105 175
94 179 105 179
96 189 103 189
92 192 103 192
96 197 104 197
92 209 103 209
94 241 103 241
93 43 104 43
97 53 104 53
95 67 106 67
97 85 108 85
97 92 106 92
97 108 108 108
97 115 104 115
95 144 106 144
97 161 104 161
95 165 106 165
97 166 106 166
97 178 108 178
95 199 106 199
96 202 106 202
95 231 106 231
97 234 108 234
97 236 104 236
98 4 109 4
97 5 107 5
98 7 107 7
96 15 107 15
97 19 105 19
98 31 106 31
98 56 109 56
95 87 106 87
98 91 105 91
98 107 109 107
96 126 107 126
96 142 105 142
94 146 105 146
98 151 109 151
96 160 107 160
97 162 106 162
98 170 106 170
98 195 107 195
98 208 108 208
98 212 107 212
95 220 105 220
98 230 109 230
95 239 106 239
97 22 106 22
99 29 110 29
99 33 106 33
99 49 110 49
97 68 108 68
97 94 107 94
99 104 109 104
97 110 108 110
97 136 108 136
99 141 106 141
97 155 108 155
98 185 108 185
99 190 110 190
99 193 106 193
97 203 108 203
96 243 107 243
100 2 108 2
100 12 111 12
100 14 110 14
98 30 109 30
96 34 107 34
100 35 111 35
100 41 108 41
99 46 108 46
96 58 107 58
100 82 109 82
100 93 111 93
98 97 109 97
96 119 107 119
98 129 109 129
98 134 109 134
100 158 110 158
100 201 110 201
100 211 107 211
98 224 109 224
100 228 108 228
100 235 110 235
97 6 108 6
101 8 112 8
101 23 109 23
101 25 112 25
101 36 112 36
99 38 110 38
98 44 109 44
101 51 112 51
98 71 108 71
101 72 108 72
101 78 111 78
101 102 108 102
101 105 110 105
99 116 110 116
101 122 108 122
99 132 110 132
101 135 112 135
99 150 110 150
99 157 110 157
99 194 110 194
101 225 112 225
101 227 110 227
98 240 109 240
101 247 108 247
101 248 109 248
102 1 109 1
102 13 113 13
102 39 109 39
102 52 111 52
102 54 111 54
102 57 113 57
98 59 109 59
101 69 109 69
98 86 109 86
100 88 111 88
100 103 111 103
100 109 111 109
102 120 112 120
100 124 111 124
102 149 109 149
101 172 110 172
100 182 111 182
100 188 110 188
102 191 110 191
98 200 109 200
102 207 111 207
100 223 111 223
100 226 110 226
103 9 114 9
101 16 112 16
101 24 112 24
103 27 110 27
101 32 110 32
101 40 112 40
103 73 114 73
103 83 110 83
103 84 110 84
103 125 114 125
101 127 111 127
103 145 114 145
100 156 111 156
101 163 112 163
103 174 110 174
99 176 110 176
103 186 110 186
103 196 114 196
103 204 114 204
103 215 114 215
99 233 110 233
102 28 113 28
103 37 111 37
103 48 114 48
104 66 112 66
104 79 111 79
103 89 114 89
104 111 111 111
104 131 112 131
104 137 115 137
104 168 113 168
102 173 113 173
104 177 115 177
101 184 111 184
104 189 111 189
104 192 113 192
104 205 111 205
104 209 111 209
104 241 115 241
104 242 111 242
104 244 113 244
102 245 111 245
101 0 112 0
104 3 112 3
103 17 114 17
104 21 115 21
105 26 112 26
105 43 116 43
105 53 116 53
103 74 114 74
105 80 116 80
105 101 112 101
105 114 115 114
105 115 112 115
105 117 114 117
102 121 112 121
102 128 113 128
103 138 114 138
104 152 112 152
105 154 112 154
105 161 112 161
105 171 112 171
105 197 112 197
103 222 114 222
105 236 113 236
102 237 112 237
106 19 115 19
105 50 113 50
106 77 114 77
106 91 117 91
105 113 116 113
106 142 117 142
106 146 117 146
106 147 114 147
104 167 113 167
105 217 116 217
104 218 114 218
106 220 117 220
103 229 114 229
107 22 114 22
107 31 118 31
107 33 114 33
105 55 116 55
106 64 115 64
107 87 117 87
107 92 116 92
106 130 117 130
105 133 116 133
107 141 117 141
105 153 116 153
107 162 114 162
107 166 114 166
106 179 117 179
103 183 114 183
107 193 115 193
107 202 118 202
107 239 118 239
108 5 118 5
108 7 116 7
108 34 115 34
108 45 116 45
106 47 117 47
108 58 116 58
106 63 117 63
107 65 115 65
106 75 117 75
106 81 117 81
108 94 115 94
107 112 117 112
108 119 117 119
108 123 116 123
106 139 117 139
106 181 117 181
108 195 119 195
108 211 115 211
108 212 115 212
104 221 115 221
108 243 116 243
109 2 116 2
109 6 116 6
109 41 120 41
107 42 118 42
109 46 117 46
109 71 120 71
109 72 116 72
106 95 116 95
107 96 118 96
105 98 116 98
109 102 116 102
109 108 117 108
109 122 118 122
107 143 118 143
105 180 116 180
109 185 116 185
109 203 120 203
109 208 117 208
109 228 119 228
109 247 117 247
110 1 121 1
106 18 117 18
110 23 121 23
110 39 121 39
110 44 117 44
110 56 118 56
110 59 121 59
110 69 117 69
110 82 121 82
110 86 121 86
110 104 117 104
109 110 118 110
110 129 118 129
107 144 117 144
110 149 119 149
108 199 119 199
110 200 118 200
108 206 119 206
108 231 119 231
110 240 121 240
110 248 121 248
110 4 121 4
111 14 120 14
111 27 121 27
110 30 118 30
111 32 122 32
111 83 118 83
111 84 119 84
109 99 120 99
111 105 122 105
110 107 121 107
107 118 118 118
111 132 118 132
110 134 118 134
111 158 118 158
109 165 120 165
111 169 120 169
111 172 122 172
111 174 122 174
111 176 118 176
109 178 120 178
111 186 122 186
109 187 120 187
111 188 119 188
111 191 120 191
107 198 118 198
111 201 118 201
107 210 118 210
107 216 118 216
111 226 122 226
111 227 118 227
110 230 119 230
111 233 122 233
111 235 122 235
109 15 120 15
112 35 119 35
112 37 120 37
112 52 120 52
112 54 123 54
109 100 120 100
112 111 123 111
112 124 119 124
112 127 123 127
109 136 119 136
108 140 119 140
112 156 123 156
109 159 120 159
110 160 121 160
111 170 120 170
112 184 123 184
112 205 123 205
112 207 121 207
112 209 121 209
110 213 121 213
112 223 121 223
112 242 119 242
112 245 119 245
110 246 121 246
108 249 119 249
113 0 120 0
113 3 120 3
113 8 124 8
111 10 122 10
110 20 121 20
113 24 124 24
113 25 124 25
113 26 124 26
113 36 124 36
111 38 120 38
113 51 120 51
113 66 123 66
110 76 121 76
113 101 120 101
113 115 123 115
113 131 121 131
113 152 122 152
113 154 124 154
113 161 121 161
113 171 120 171
113 197 124 197
111 219 122 219
113 237 121 237
111 238 122 238
110 11 121 11
114 13 121 13
111 29 122 29
113 40 122 40
111 49 121 49
114 50 121 50
114 57 122 57
110 68 121 68
112 106 123 106
114 128 125 128
113 135 122 135
111 175 122 175
114 192 125 192
112 232 123 232
114 236 125 236
114 244 125 244
115 9 122 9
115 22 126 22
115 33 126 33
114 61 122 61
113 67 124 67
115 77 126 77
113 93 124 93
115 117 125 117
115 138 124 138
115 145 122 145
115 147 125 147
115 151 126 151
113 157 124 157
115 162 122 162
112 164 123 164
115 166 126 166
114 173 124 173
115 183 125 183
115 196 126 196
115 218 122 218
111 224 122 224
115 229 126 229
116 19 127 19
116 21 126 21
116 34 127 34
114 62 125 62
114 88 125 88
116 94 127 94
116 114 123 114
115 125 126 125
113 163 123 163
116 189 123 189
116 193 123 193
114 194 125 194
116 211 123 211
116 212 127 212
112 214 123 214
116 221 123 221
115 222 126 222
117 2 124 2
117 45 128 45
117 58 128 58
117 72 127 72
117 92 124 92
117 95 124 95
117 98 124 98
115 109 126 109
117 123 127 123
116 137 124 137
113 148 124 148
117 180 126 180
117 185 124 185
116 190 127 190
117 217 124 217
116 241 125 241
117 243 126 243
118 18 126 18
117 43 128 43
118 44 129 44
118 46 126 46
117 53 127 53
116 78 127 78
117 80 125 80
118 87 125 87
118 104 127 104
118 108 125 108
118 112 129 112
117 113 127 113
118 119 126 119
117 120 126 120
114 126 125 126
118 141 126 141
118 144 127 144
117 153 128 153
114 155 125 155
118 179 125 179
116 182 127 182
116 204 127 204
118 208 129 208
114 234 125 234
118 247 127 247
119 5 126 5
118 47 128 47
115 48 126 48
119 56 126 56
117 74 128 74
118 81 129 81
119 83 126 83
116 85 127 85
119 96 126 96
115 97 126 97
119 110 130 110
119 118 126 118
119 129 126 129
119 134 126 134
119 143 127 143
118 146 129 146
119 158 129 158
118 167 126 167
119 176 129 176
119 198 126 198
119 200 127 200
119 201 128 201
119 210 126 210
119 216 130 216
119 227 129 227
120 35 130 35
118 75 127 75
120 84 127 84
120 124 127 124
120 136 128 136
120 140 127 140
120 149 129 149
117 150 128 150
116 177 127 177
118 181 127 181
120 188 130 188
120 206 130 206
116 225 127 225
120 228 130 228
120 230 130 230
120 231 131 231
119 239 127 239
120 242 131 242
120 245 130 245
120 249 131 249
121 0 130 0
121 3 128 3
121 7 128 7
121 14 128 14
121 15 131 15
121 37 128 37
121 38 131 38
121 51 128 51
121 52 130 52
119 55 130 55
120 65 128 65
119 91 130 91
121 100 128 100
121 101 130 101
118 139 128 139
121 159 128 159
121 171 129 171
121 191 131 191
120 195 129 195
121 203 128 203
122 11 129 11
122 20 132 20
122 27 130 27
120 28 131 28
122 39 133 39
121 41 131 41
122 49 130 49
122 50 133 50
122 59 130 59
122 76 130 76
120 79 131 79
120 89 131 89
122 107 133 107
122 131 132 131
122 161 129 161
119 168 130 168
121 187 129 187
120 199 131 199
122 207 129 207
122 209 131 209
122 213 129 213
120 215 131 215
122 223 130 223
122 237 133 237
122 4 130 4
123 9 131 9
123 29 130 29
123 30 130 30
123 40 134 40
123 57 132 57
121 60 132 60
123 61 131 61
121 130 132 130
123 135 130 135
123 145 134 145
123 152 134 152
122 160 132 160
123 162 132 162
123 175 132 175
123 218 130 218
119 220 130 220
123 224 130 224
123 226 131 226
123 235 133 235
123 238 130 238
122 16 131 16
120 63 131 63
124 66 134 66
124 69 131 69
122 82 133 82
122 86 133 86
124 114 133 114
124 115 135 115
120 116 131 116
123 122 131 122
121 165 132 165
122 178 133 178
123 186 131 186
124 189 131 189
124 193 135 193
124 211 131 211
124 214 131 214
124 221 131 221
123 233 134 233
123 1 134 1
125 2 133 2
125 26 136 26
125 92 132 92
125 95 133 95
125 98 136 98
121 99 132 99
125 103 132 103
124 111 135 111
124 127 135 127
125 137 132 137
125 138 134 138
125 148 132 148
125 173 134 173
125 217 136 217
124 232 134 232
125 24 136 24
123 31 133 31
124 42 135 42
125 67 136 67
124 70 135 70
126 80 134 80
125 93 136 93
125 102 135 102
124 106 135 106
126 108 133 108
126 117 134 117
126 126 135 126
123 132 134 132
123 133 133 133
126 147 134 147
126 155 137 155
124 156 135 156
125 157 134 157
125 170 136 170
126 179 136 179
126 183 134 183
126 234 137 234
122 240 133 240
126 241 135 241
124 248 135 248
127 5 134 5
123 10 134 10
127 18 136 18
127 21 138 21
127 46 134 46
127 48 134 48
127 56 134 56
124 71 134 71
127 83 135 83
125 90 136 90
127 96 136 96
127 97 136 97
127 129 138 129
127 134 138 134
127 141 135 141
127 151 136 151
127 167 134 167
127 180 134 180
127 196 138 196
125 202 136 202
127 210 136 210
125 219 136 219
127 243 138 243
126 13 137 13
126 25 137 25
128 53 139 53
128 72 137 72
128 75 135 75
128 84 135 84
128 85 135 85
128 104 139 104
128 113 138 113
128 140 135 140
128 177 139 177
128 181 138 181
128 182 136 182
128 200 135 200
126 205 137 205
128 225 138 225
128 239 136 239
128 247 136 247
129 3 138 3
129 7 140 7
129 14 138 14
127 22 137 22
128 34 138 34
126 36 137 36
129 37 140 37
129 47 140 47
129 51 137 51
125 54 136 54
129 65 138 65
128 78 139 78
129 100 140 100
129 119 137 119
129 121 138 121
127 128 138 128
129 136 140 136
129 139 140 139
127 142 138 142
129 150 139 150
129 153 138 153
125 154 136 154
129 159 137 159
129 201 137 201
127 236 138 236
130 11 138 11
128 19 138 19
128 23 139 23
130 88 140 88
130 146 137 146
130 149 139 149
130 158 141 158
130 161 138 161
128 169 139 169
130 171 137 171
126 172 137 172
130 176 140 176
130 187 141 187
128 190 139 190
126 192 137 192
130 195 141 195
130 207 141 207
130 208 138 208
128 212 139 212
130 213 138 213
130 227 137 227
131 0 140 0
131 4 138 4
131 27 142 27
131 35 138 35
131 49 139 49
131 52 139 52
131 59 138 59
129 74 140 74
131 76 142 76
131 101 140 101
129 105 140 105
128 109 139 109
131 135 138 135
131 168 141 168
131 188 139 188
131 206 139 206
131 218 139 218
131 220 139 220
131 228 141 228
129 229 140 229
131 230 140 230
131 238 142 238
131 245 142 245
127 246 138 246
130 8 141 8
132 9 140 9
132 15 139 15
132 16 139 16
132 28 143 28
132 38 139 38
132 41 139 41
130 44 141 44
132 61 142 61
132 63 141 63
128 64 139 64
132 69 143 69
131 91 142 91
132 116 139 116
132 122 139 122
130 125 141 125
132 186 140 186
132 189 143 189
132 191 143 191
132 209 143 209
132 211 142 211
132 221 141 221
132 226 143 226
132 249 139 249
133 20 140 20
130 45 141 45
133 57 140 57
133 60 144 60
132 89 141 89
133 92 144 92
130 94 141 94
133 99 140 99
133 103 142 103
131 118 142 118
133 130 143 130
133 131 144 131
133 137 140 137
133 148 143 148
133 160 141 160
133 162 144 162
133 165 140 165
133 175 141 175
131 197 142 197
134 2 145 2
134 31 142 31
134 39 142 39
134 95 142 95
134 108 144 108
134 114 141 114
134 133 141 133
134 184 141 184
132 216 143 216
134 235 145 235
134 240 145 240
135 5 146 5
135 10 142 10
135 46 146 46
135 48 142 48
135 56 142 56
135 66 142 66
135 71 146 71
135 80 142 80
131 112 142 112
135 117 146 117
135 132 145 132
135 138 143 138
135 147 143 147
135 157 145 157
133 166 144 166
135 167 142 167
135 180 146 180
135 183 142 183
131 194 142 194
132 198 143 198
132 199 143 199
133 231 144 231
134 6 145 6
135 40 146 40
136 42 146 42
134 55 145 55
136 70 143 70
134 73 145 73
136 75 147 75
136 102 147 102
136 106 143 106
136 126 147 126
136 140 143 140
136 141 144 141
134 144 145 144
133 163 143 163
136 200 143 200
134 203 145 203
134 204 145 204
136 241 144 241
134 242 145 242
135 17 146 17
137 18 148 18
135 50 146 50
137 54 148 54
133 68 144 68
134 107 144 107
137 151 144 151
135 152 146 152
137 154 146 154
137 170 148 170
134 178 145 178
137 179 148 179
137 182 144 182
137 210 148 210
137 219 148 219
137 239 148 239
135 244 146 244
137 247 148 247
138 22 145 22
137 26 145 26
135 29 146 29
138 36 147 36
138 51 149 51
136 58 147 58
137 67 148 67
138 72 148 72
138 85 147 85
138 86 149 86
137 90 148 90
137 93 148 93
137 98 146 98
136 123 147 123
134 143 145 143
138 159 148 159
138 192 147 192
138 201 146 201
137 202 145 202
136 215 147 215
138 227 145 227
138 234 145 234
139 11 147 11
139 14 147 14
139 19 148 19
137 24 147 24
139 59 147 59
135 62 146 62
139 65 150 65
137 77 148 77
135 79 146 79
139 113 148 113
139 121 146 121
137 127 148 127
139 128 150 128
139 129 150 129
139 135 146 135
139 153 146 153
139 161 146 161
136 164 147 164
139 173 150 173
139 181 150 181
139 196 146 196
139 208 149 208
139 213 150 213
139 225 146 225
139 246 147 246
136 248 146 248
136 1 147 1
138 13 149 13
140 15 147 15
140 16 147 16
140 38 147 38
140 41 147 41
140 49 150 49
140 52 148 52
140 64 149 64
140 109 150 109
140 116 147 116
140 122 151 122
140 188 147 188
140 190 151 190
138 205 149 205
140 206 148 206
140 212 149 212
136 214 147 214
140 218 147 218
140 220 149 220
139 232 147 232
139 233 149 233
140 249 151 249
141 0 148 0
141 9 149 9
138 30 149 30
141 37 149 37
141 47 150 47
141 57 148 57
140 83 149 83
141 88 148 88
141 97 148 97
141 99 152 99
141 101 152 101
140 104 148 104
141 105 152 105
139 134 150 134
141 136 149 136
141 137 149 137
141 165 151 165
141 176 149 176
141 186 151 186
137 222 148 222
141 230 149 230
139 236 150 236
142 45 149 45
142 63 149 63
140 82 149 82
142 89 153 89
142 94 149 94
142 114 149 114
142 119 153 119
142 133 151 133
142 160 150 160
142 168 149 168
142 171 152 171
142 175 149 175
142 184 153 184
138 193 149 193
142 221 153 221
139 224 150 224
142 228 149 228
141 229 151 229
140 237 151 237
143 3 150 3
143 4 153 4
143 10 154 10
140 23 150 23
143 31 150 31
143 39 152 39
143 48 150 48
143 56 154 56
143 61 154 61
143 66 154 66
143 80 150 80
141 84 152 84
143 95 150 95
141 100 152 100
143 103 151 103
143 112 154 112
143 118 150 118
141 124 152 124
143 167 150 167
140 177 151 177
143 183 152 183
143 194 150 194
143 211 152 211
141 217 152 217
141 223 152 223
141 7 151 7
142 12 153 12
143 27 154 27
142 43 153 43
144 70 151 70
144 106 155 106
144 130 151 130
144 138 151 138
142 139 153 139
144 140 155 140
144 147 152 147
144 148 151 148
144 163 154 163
142 187 151 187
144 191 153 191
144 200 152 200
143 25 154 25
145 68 152 68
143 87 154 87
145 107 153 107
145 108 153 108
142 111 153 111
143 120 154 120
145 141 156 141
145 151 152 151
142 172 153 172
145 182 153 182
145 241 154 241
146 6 154 6
146 22 153 22
146 26 153 26
144 74 155 74
143 91 153 91
145 92 156 92
146 132 157 132
146 143 153 143
142 146 153 146
146 157 153 157
145 166 156 166
144 174 155 174
146 178 153 178
142 185 153 185
144 195 155 195
146 202 153 202
146 203 155 203
146 227 157 227
146 234 155 234
147 17 155 17
144 28 154 28
147 29 154 29
145 34 156 34
147 42 158 42
145 60 155 60
147 62 156 62
146 73 157 73
147 79 155 79
147 98 154 98
147 121 158 121
147 135 158 135
146 144 157 144
145 145 156 145
147 161 154 161
145 162 156 162
144 189 154 189
147 196 154 196
147 201 158 201
145 209 156 209
147 225 158 225
145 226 156 226
146 235 157 235
147 248 158 248
148 1 157 1
148 11 157 11
148 14 155 14
148 15 159 15
148 16 159 16
145 21 156 21
148 24 157 24
146 33 157 33
148 36 155 36
148 38 155 38
148 59 155 59
146 81 157 81
148 85 155 85
148 102 156 102
148 116 156 116
147 117 156 117
144 142 155 142
146 150 157 150
147 152 158 152
148 164 159 164
148 188 159 188
148 192 158 192
148 198 159 198
148 214 158 214
148 218 155 218
148 232 157 232
146 240 156 240
148 246 155 246
149 0 160 0
147 5 158 5
149 19 156 19
145 20 156 20
145 44 156 44
149 52 160 52
147 53 158 53
149 57 156 57
149 72 157 72
147 78 158 78
149 88 156 88
149 97 156 97
149 104 160 104
149 113 156 113
148 123 159 123
145 125 156 125
149 127 157 127
149 159 157 159
145 169 156 169
149 206 160 206
149 210 156 210
149 222 156 222
147 245 158 245
150 9 159 9
150 13 161 13
150 30 157 30
150 37 161 37
150 45 158 45
147 50 157 50
146 55 157 55
150 63 158 63
150 64 161 64
150 82 161 82
150 83 158 83
150 86 161 86
150 94 157 94
148 131 159 131
150 136 158 136
150 137 158 137
148 155 159 155
148 158 159 158
150 168 159 168
150 175 157 175
150 176 161 176
150 193 161 193
147 204 158 204
150 208 157 208
150 212 161 212
146 216 157 216
150 220 157 220
150 228 157 228
150 230 157 230
150 233 157 233
148 238 159 238
148 243 159 243
149 247 159 247
148 2 159 2
151 3 162 3
151 23 159 23
151 31 158 31
151 49 162 49
148 75 158 75
149 76 160 76
151 80 158 80
151 109 159 109
151 118 162 118
151 128 158 128
151 160 158 160
151 167 160 167
151 173 162 173
149 179 158 179
149 180 160 180
151 194 160 194
149 219 158 219
151 224 162 224
152 7 160 7
150 67 161 67
149 69 160 69
152 70 163 70
152 103 163 103
150 110 161 110
152 130 159 130
152 133 159 133
151 134 161 134
152 138 163 138
151 153 162 153
152 165 159 165
152 177 163 177
148 215 159 215
152 229 159 229
151 18 162 18
153 68 160 68
153 99 160 99
153 101 164 101
153 105 162 105
153 147 164 147
153 151 160 151
151 156 162 156
153 171 164 171
153 183 161 183
153 200 164 200
153 211 162 211
152 249 163 249
154 4 165 4
150 8 161 8
154 22 161 22
154 26 162 26
152 46 163 46
151 51 162 51
152 93 163 93
153 100 162 100
154 107 161 107
154 108 163 108
154 111 165 111
154 139 163 139
154 143 161 143
154 146 161 146
154 157 165 157
154 172 163 172
154 178 161 178
154 182 165 182
154 185 161 185
154 191 161 191
150 199 161 199
154 202 161 202
150 207 161 207
151 231 162 231
155 6 166 6
155 27 162 27
154 43 165 43
153 54 164 54
155 56 164 56
153 65 164 65
155 66 166 66
155 87 164 87
155 98 166 98
154 115 164 115
151 126 162 126
153 154 164 154
155 161 165 161
155 163 166 163
155 189 164 189
155 196 166 196
153 205 164 205
151 213 162 213
153 237 164 237
155 241 166 241
151 244 162 244
155 10 166 10
156 14 167 14
156 17 167 17
155 25 165 25
156 36 163 36
156 38 163 38
155 47 163 47
156 59 167 59
156 60 165 60
155 61 163 61
156 79 164 79
156 85 165 85
154 119 165 119
152 122 163 122
154 124 165 124
156 142 163 142
156 148 164 148
152 170 163 170
153 190 164 190
154 197 165 197
156 203 163 203
156 218 167 218
156 234 167 234
156 246 163 246
157 19 166 19
157 34 167 34
157 39 168 39
155 41 166 41
157 44 166 44
157 57 167 57
157 62 165 62
157 88 165 88
157 92 165 92
155 95 164 95
157 97 164 97
157 102 165 102
157 113 164 113
157 116 166 116
157 117 168 117
157 125 166 125
155 129 166 129
157 169 168 169
155 181 166 181
156 187 164 187
157 210 164 210
154 221 165 221
157 222 165 222
157 226 168 226
157 240 165 240
158 1 169 1
158 11 169 11
158 24 165 24
158 30 165 30
158 50 165 50
158 55 165 55
158 72 165 72
156 74 167 74
158 81 167 81
158 94 168 94
155 112 165 112
155 114 166 114
156 120 167 120
158 127 165 127
158 132 165 132
158 159 166 159
157 166 168 166
158 208 169 208
158 216 169 216
158 220 165 220
158 230 167 230
158 232 166 232
158 233 169 233
159 5 170 5
159 45 166 45
159 53 168 53
156 58 167 58
159 63 170 63
159 75 170 75
156 77 167 77
159 80 166 80
155 89 166 89
155 96 166 96
156 106 167 106
159 128 166 128
158 144 169 144
158 150 167 150
159 160 166 160
159 179 167 179
159 192 170 192
157 195 168 195
159 204 167 204
159 214 166 214
159 219 166 219
159 225 167 225
155 236 166 236
160 2 171 2
160 9 171 9
160 15 169 15
160 16 167 16
160 23 170 23
160 109 171 109
159 121 167 121
160 130 167 130
160 133 171 133
157 145 167 145
157 162 167 162
160 165 169 165
160 168 170 168
160 215 167 215
158 217 169 217
160 229 167 229
156 242 167 242
160 243 168 243
160 247 171 247
159 248 170 248
161 7 169 7
161 52 172 52
157 71 168 71
158 91 168 91
161 99 169 99
161 151 168 151
161 167 171 167
160 188 168 188
161 194 171 194
158 235 169 235
160 238 168 238
162 8 169 8
158 12 169 12
162 13 169 13
162 22 173 22
158 73 169 73
161 104 172 104
162 107 173 107
160 131 170 131
162 134 173 134
162 143 169 143
162 146 169 146
160 155 171 155
162 176 173 176
162 178 173 178
162 183 169 183
162 185 173 185
162 191 170 191
162 199 170 199
162 202 169 202
162 207 169 207
158 223 169 223
163 26 174 26
163 27 171 27
163 51 170 51
162 82 171 82
163 100 172 100
163 105 174 105
162 110 173 110
163 126 171 126
159 135 170 135
161 158 172 158
162 174 173 174
159 186 170 186
163 211 172 211
163 213 174 213
162 227 173 227
163 231 170 231
163 244 170 244
163 3 171 3
160 35 171 35
164 36 175 36
164 38 175 38
160 42 171 42
164 47 175 47
164 61 171 61
163 84 173 84
164 108 171 108
163 118 174 118
164 139 171 139
164 142 175 142
164 170 175 170
164 203 175 203
163 224 173 224
162 239 173 239
164 246 173 246
163 18 174 18
165 56 173 56
165 79 176 79
165 87 176 87
165 95 172 95
165 97 172 97
165 113 174 113
165 115 172 115
164 138 173 138
165 147 172 147
165 148 175 148
163 156 174 156
161 164 172 164
165 171 172 171
163 175 174 175
165 187 174 187
165 189 173 189
165 190 176 190
162 193 172 193
165 200 172 200
165 210 176 210
166 4 173 4
165 28 176 28
166 30 173 30
166 55 174 55
166 60 173 60
166 62 175 62
166 72 177 72
166 85 173 85
166 88 177 88
166 92 174 92
166 102 177 102
166 127 173 127
166 132 177 132
164 137 175 137
164 153 175 153
166 157 175 157
166 161 177 161
166 197 177 197
164 206 175 206
166 220 173 220
166 221 173 221
166 222 173 222
166 240 173 240
165 0 176 0
167 19 174 19
163 21 174 21
165 40 176 40
165 46 176 46
165 48 176 48
165 78 176 78
167 80 175 80
167 89 174 89
165 93 176 93
167 96 174 96
167 114 174 114
167 116 174 116
167 125 174 125
167 128 174 128
165 141 176 141
166 182 177 182
165 184 176 184
167 214 174 214
167 219 175 219
163 228 174 228
167 232 176 232
167 236 175 236
165 237 175 237
165 29 176 29
168 34 179 34
166 37 177 37
168 57 177 57
168 58 175 58
164 76 175 76
168 77 179 77
168 81 175 81
166 103 177 103
168 106 176 106
168 130 175 130
168 145 175 145
168 150 178 150
168 162 175 162
166 177 177 177
168 179 175 179
168 204 177 204
168 215 179 215
168 225 179 225
168 229 176 229
168 230 177 230
168 234 175 234
167 241 175 241
168 242 175 242
167 6 177 6
169 53 180 53
169 71 177 71
169 91 179 91
169 94 179 94
166 101 177 101
167 136 178 136
169 151 176 151
169 188 179 188
167 205 178 205
169 226 176 226
169 238 179 238
169 243 179 243
170 1 179 1
170 7 178 7
170 8 177 8
167 10 177 10
170 12 181 12
170 13 180 13
170 15 177 15
170 49 181 49
166 54 177 54
168 59 179 59
169 64 177 64
169 68 177 68
168 70 179 70
170 73 177 73
166 86 177 86
170 99 180 99
170 146 177 146
167 152 178 152
170 165 181 165
170 183 177 183
167 201 178 201
170 202 179 202
166 209 177 209
170 216 180 216
170 217 177 217
170 223 177 223
170 235 181 235
171 23 178 23
170 24 181 24
170 25 181 25
169 39 178 39
171 51 182 51
169 69 180 69
168 74 179 74
170 111 180 111
171 131 181 131
171 135 182 135
169 166 178 166
171 168 178 168
171 186 178 186
171 191 182 191
167 196 178 196
171 199 182 199
171 231 178 231
170 233 179 233
171 244 182 244
171 248 179 248
169 249 180 249
172 27 179 27
172 35 183 35
172 42 179 42
170 50 180 50
172 61 179 61
168 66 179 66
172 82 179 82
168 90 179 90
172 126 181 126
172 139 179 139
170 149 181 149
172 167 180 167
172 173 179 173
170 181 181 181
172 194 183 194
172 16 183 16
172 32 183 32
171 44 181 44
171 45 182 45
173 52 183 52
173 95 184 95
173 97 180 97
173 100 184 100
173 104 184 104
173 115 180 115
172 133 183 133
173 147 180 147
173 164 180 164
173 171 180 171
173 193 182 193
169 195 180 195
173 200 180 200
173 211 182 211
174 4 181 4
172 9 183 9
174 30 181 30
170 43 181 43
174 56 181 56
174 60 185 60
171 75 182 75
172 83 183 83
171 98 182 98
172 117 183 117
174 127 182 127
172 129 183 129
174 138 183 138
174 144 185 144
171 159 181 159
170 163 181 163
170 180 181 180
174 189 182 189
174 220 183 220
174 224 181 224
174 240 185 240
174 246 181 246
173 11 184 11
175 19 183 19
173 20 184 20
175 21 185 21
173 31 184 31
175 55 186 55
171 63 182 63
173 65 184 65
175 89 186 89
175 92 184 92
175 96 186 96
175 105 182 105
175 113 185 113
175 114 186 114
175 116 182 116
175 125 185 125
175 128 182 128
173 155 184 155
175 156 182 156
174 176 182 176
175 187 186 187
174 207 184 207
173 212 184 212
175 214 182 214
173 218 184 218
175 228 184 228
176 2 187 2
175 18 186 18
175 26 186 26
176 47 187 47
176 58 183 58
176 62 185 62
176 76 186 76
176 80 184 80
176 81 184 81
176 120 187 120
176 130 186 130
174 134 185 134
176 142 185 142
176 145 183 145
176 148 187 148
172 154 183 154
176 157 187 157
176 162 184 162
176 179 184 179
174 198 185 198
174 208 184 208
175 213 186 213
176 219 183 219
176 234 187 234
174 239 183 239
176 38 187 38
177 40 185 40
177 106 184 106
175 118 186 118
174 122 185 122
177 151 188 151
175 160 186 160
175 174 186 174
175 192 186 192
176 206 184 206
177 229 184 229
177 232 188 232
176 3 187 3
176 5 187 5
178 6 185 6
178 8 189 8
178 10 189 10
178 15 187 15
178 54 187 54
178 57 189 57
178 64 187 64
178 71 185 71
178 73 187 73
178 86 187 86
178 101 186 101
176 110 187 110
175 121 186 121
177 123 186 123
177 141 188 141
174 143 185 143
178 146 188 146
176 178 187 178
178 183 188 183
174 185 185 185
177 190 188 190
178 204 185 204
178 209 187 209
178 217 185 217
178 223 188 223
178 230 187 230
179 7 187 7
179 23 190 23
177 36 188 36
179 39 186 39
177 78 186 78
177 79 187 79
178 103 188 103
179 150 190 150
179 152 186 152
179 166 190 166
179 168 186 168
175 169 186 169
179 186 186 186
179 196 187 196
179 201 190 201
177 210 186 210
179 231 186 231
176 247 187 247
180 27 187 27
180 34 188 34
178 41 189 41
180 42 187 42
177 46 187 46
180 61 190 61
180 66 189 66
180 74 191 74
180 77 191 77
180 82 187 82
180 90 189 90
180 91 189 91
180 94 191 94
180 108 191 108
177 137 188 137
180 139 187 139
180 173 191 173
178 177 187 177
180 188 188 188
180 202 189 202
179 205 188 205
180 233 188 233
180 237 191 237
180 238 191 238
180 243 187 243
180 248 187 248
181 13 188 13
181 50 191 50
179 87 190 87
181 97 188 97
181 99 188 99
181 111 192 111
181 115 192 115
177 119 188 119
179 124 190 124
181 147 189 147
181 164 188 164
181 167 192 167
181 171 189 171
178 182 188 182
178 184 189 184
181 195 191 195
181 200 188 200
178 203 189 203
181 216 191 216
181 249 192 249
182 4 189 4
182 30 189 30
178 37 189 37
182 49 191 49
182 56 189 56
179 93 190 93
178 102 189 102
180 109 189 109
182 126 193 126
182 131 189 131
180 153 191 153
182 159 189 159
182 163 189 163
182 180 191 180
182 224 189 224
179 245 190 245
182 246 189 246
182 12 193 12
181 29 190 29
180 33 191 33
183 45 190 45
181 48 192 48
183 63 190 63
183 75 191 75
182 85 190 85
183 98 194 98
183 105 193 105
183 116 190 116
183 135 192 135
183 156 193 156
182 165 191 165
183 176 194 176
183 189 190 189
183 193 191 193
183 211 194 211
183 214 190 214
181 227 192 227
180 241 190 241
184 0 195 0
182 14 193 14
184 19 192 19
180 22 191 22
184 58 191 58
182 84 193 84
184 129 195 129
184 138 191 138
184 145 191 145
184 154 191 154
180 170 191 170
182 181 191 181
182 215 193 215
184 239 193 239
184 9 195 9
185 20 194 20
184 32 192 32
183 69 194 69
185 92 196 92
185 106 193 106
184 117 195 117
185 162 196 162
185 179 196 179
183 197 194 197
185 206 196 206
185 207 195 207
185 208 195 208
182 221 192 221
186 6 194 6
186 21 194 21
186 40 194 40
186 62 197 62
186 71 197 71
184 83 195 83
186 113 193 113
186 122 197 122
186 125 197 125
186 142 197 142
186 143 197 143
184 161 195 161
186 185 197 185
186 198 194 198
186 204 197 204
185 212 195 212
186 217 196 217
186 240 197 240
185 25 196 25
185 35 196 35
187 39 194 39
185 51 196 51
186 60 196 60
187 76 198 76
187 78 195 78
185 88 196 88
187 101 195 101
187 121 198 121
187 123 198 123
187 127 195 127
187 128 195 128
187 130 197 130
185 132 196 132
184 140 195 140
187 152 195 152
184 158 195 158
183 175 194 175
187 186 198 186
187 192 194 192
187 210 194 210
187 231 197 231
185 236 196 236
188 7 195 7
188 15 196 15
188 42 195 42
188 46 199 46
188 52 199 52
188 53 195 53
188 54 195 54
187 55 198 55
188 73 199 73
188 79 199 79
188 82 199 82
188 86 199 86
187 96 198 96
184 107 195 107
186 112 197 112
186 133 197 133
188 139 195 139
186 149 197 149
188 177 198 177
188 196 199 196
188 209 199 209
187 213 195 213
188 230 199 230
188 247 199 247
188 248 195 248
189 13 196 13
188 17 196 17
189 34 199 34
185 59 196 59
187 67 198 67
187 70 198 70
187 95 198 95
189 97 199 97
189 119 199 119
189 137 199 137
189 146 199 146
189 164 199 164
187 172 198 172
189 182 197 182
189 183 197 183
189 188 196 188
189 200 199 200
189 205 197 205
188 220 196 220
189 223 198 223
187 225 198 225
187 226 198 226
189 233 197 233
188 234 197 234
187 235 198 235
187 244 198 244
190 30 199 30
190 37 199 37
188 47 199 47
190 56 198 56
190 66 199 66
189 81 199 81
190 90 198 90
190 91 198 91
190 102 199 102
190 109 199 109
188 118 199 118
190 131 197 131
190 147 199 147
190 163 197 163
190 171 199 171
187 174 198 174
190 184 197 184
190 202 197 202
190 203 197 203
190 224 198 224
189 232 197 232
190 246 199 246
190 10 199 10
191 61 198 61
191 63 199 63
191 85 199 85
191 87 199 87
191 93 198 93
191 116 199 116
188 148 199 148
188 178 198 178
191 214 199 214
191 241 199 241
191 245 199 245
192 4 199 4
188 11 199 11
192 22 199 22
192 33 199 33
190 43 199 43
192 64 199 64
188 72 199 72
192 75 199 75
188 120 199 120
192 138 199 138
188 144 199 144
192 145 199 145
189 151 199 151
192 154 199 154
192 170 199 170
192 180 199 180
192 181 199 181
188 187 199 187
192 193 199 193
191 201 199 201
192 216 199 216
192 237 199 237
0 16 3 18
0 49 3 50
0 83 3 84
0 92 3 93
0 118 3 119
0 162 3 163
0 174 3 175
0 209 3 211
0 216 3 217
0 236 3 238
0 9 5 10
2 36 5 38
4 92 7 93
4 209 7 210
6 9 9 10
8 94 11 95
9 183 12 184
11 134 14 135
11 201 15 202
12 175 17 176
13 224 16 226
15 85 18 86
16 49 21 50
17 129 20 130
19 90 23 91
20 0 23 1
20 44 23 45
21 129 24 130
21 151 24 152
21 186 24 187
21 223 24 224
22 14 25 15
23 214 26 215
23 216 27 217
24 50 27 51
25 82 28 83
25 140 28 141
26 4 29 5
26 241 29 242
27 122 30 123
27 214 30 215
28 204 31 206
30 210 34 211
31 119 34 120
34 155 37 156
34 202 37 204
35 71 38 72
33 73 38 74
35 90 38 91
35 174 40 175
35 188 38 189
37 177 40 178
38 4 43 5
38 19 41 20
38 202 41 203
39 189 42 190
41 7 44 8
41 142 44 143
42 208 45 209
43 121 46 122
42 174 47 175
43 246 46 247
44 4 47 5
45 33 48 34
45 185 48 186
46 10 50 11
50 64 53 65
50 82 53 83
51 73 54 74
51 180 54 181
54 141 59 142
55 42 58 43
55 50 60 51
55 97 58 98
55 115 60 116
55 169 58 170
57 76 60 77
57 121 60 122
58 132 61 133
58 153 61 154
63 84 66 85
63 188 67 189
64 21 67 23
64 33 68 34
65 134 68 135
66 60 69 61
66 118 69 119
67 52 70 53
67 221 70 222
68 188 71 189
68 224 71 225
68 246 71 247
69 76 72 77
69 94 72 95
69 134 72 135
68 22 73 23
70 198 74 199
75 46 78 47
76 38 80 39
79 46 83 47
81 38 84 40
82 85 85 86
82 124 86 125
83 10 86 12
83 68 88 69
83 217 87 218
86 138 89 139
87 37 90 38
86 14 91 15
88 135 91 136
88 217 91 218
87 99 92 100
90 120 93 121
90 129 93 130
90 149 93 150
92 58 95 59
92 202 95 203
93 19 96 20
93 21 96 22
93 98 98 99
93 155 96 156
93 162 96 163
93 182 96 184
94 113 99 114
94 120 97 121
97 183 100 184
98 120 101 121
98 245 101 246
98 20 103 21
99 98 103 99
100 113 104 114
101 180 104 181
101 216 104 217
102 61 105 63
102 95 105 96
104 99 108 100
104 213 109 214
106 60 109 62
107 169 110 170
110 60 113 62
111 150 114 151
112 78 115 79
112 189 115 190
113 120 116 121
114 167 117 168
116 64 119 65
115 89 119 90
117 6 120 7
117 102 120 103
116 16 121 17
118 69 121 70
119 30 122 31
119 121 122 122
119 132 122 133
121 102 124 103
121 169 124 170
122 12 125 13
124 163 128 164
125 184 129 185
126 87 129 88
127 197 130 198
128 123 131 124
128 143 133 144
129 163 132 164
129 203 133 204
130 184 133 185
131 29 134 30
130 32 135 33
131 222 134 224
132 123 135 124
132 214 135 215
135 173 138 174
135 223 138 224
135 232 138 233
136 81 139 83
137 96 140 97
136 110 141 111
138 119 141 120
138 145 141 146
138 171 141 172
139 3 142 4
140 149 145 150
141 20 144 21
141 33 144 35
144 197 147 199
147 153 150 154
148 40 152 41
150 114 153 115
151 47 154 48
151 95 154 96
152 148 155 149
152 186 155 187
153 39 156 40
154 90 157 91
155 28 160 29
157 20 162 21
158 174 161 175
158 227 161 228
159 31 163 32
159 83 162 84
159 136 163 137
161 28 164 29
161 68 164 69
164 31 167 33
164 122 168 123
164 172 167 173
165 64 168 65
165 67 168 69
166 24 169 25
166 49 169 50
166 111 169 112
167 44 170 45
167 159 170 160
168 16 171 17
168 31 171 33
168 119 171 121
168 172 171 173
169 122 172 124
170 143 173 144
170 207 173 208
172 2 175 3
172 108 175 109
172 119 175 120
173 123 176 124
174 84 177 85
174 221 177 222
176 107 179 109
176 236 179 237
176 241 179 242
177 28 180 29
177 226 180 227
178 67 181 68
178 84 181 85
178 221 181 222
180 0 183 1
182 43 185 44
182 67 186 68
183 127 186 128
184 16 187 17
184 52 187 53
184 219 187 220
185 80 188 81
185 228 190 229
186 43 189 44
187 168 190 169
188 26 191 27
188 64 191 65
188 242 193 243
189 99 194 100
189 103 193 104
190 159 195 160
191 23 195 24
191 28 194 29
191 44 196 45
191 168 194 169
191 189 194 191
192 26 197 27
192 49 195 50
192 57 196 58
192 165 197 166
192 194 197 195
191 228 195 229
193 18 196 19
193 31 198 32
193 134 198 135
193 221 198 222
193 110 198 111
194 113 197 115
194 155 197 157
194 238 199 239
195 5 199 6
195 20 198 21
195 28 199 29
195 38 198 40
195 167 198 169
195 175 198 176
195 197 199 198
195 210 199 211
196 7 199 9
196 23 199 24
196 41 199 42
196 48 199 50
196 53 199 54
195 68 199 69
196 77 199 78
196 99 199 101
196 103 199 105
196 106 199 108
196 126 199 128
196 139 199 141
196 152 199 153
196 158 199 159
196 207 199 208
196 212 199 213
196 227 199 229
196 248 199 249
0 11 1 14
0 35 1 40
0 85 1 88
0 103 1 106
0 239 1 242
9 220 10 223
11 4 12 7
23 68 24 71
24 90 25 93
34 224 35 227
44 233 45 236
73 72 74 76
77 240 79 243
80 240 81 243
122 68 123 71
127 118 128 121
136 84 137 87
139 32 140 35
190 1 191 5
194 103 195 106
195 189 196 192
196 0 197 3
197 57 198 60
197 188 199 191
197 217 198 220
198 0 199 3
198 112 199 115
198 129 199 133
198 160 199 163
198 182 199 185
198 202 199 206
198 231 199 234
34 169 34 176
197 12 197 19
199 12 199 21
199 55 199 62
199 88 199 96
199 172 199 179
199 217 199 226
